<?xml version="1.0" encoding="UTF-8"?>
<!-- Generated by org.testng.reporters.JUnitReportReporter -->
<testsuite hostname="DEL1-SGH447RVKG" name="Base.BaseClass" tests="1" failures="0" timestamp="24 May 2018 04:18:34 GMT" time="10.365" errors="0">
  <testcase name="OpenApplication" time="10.365" classname="Base.BaseClass"/>
</testsuite> <!-- Base.BaseClass -->
