<?xml version="1.0" encoding="UTF-8"?>
<!-- Generated by org.testng.reporters.JUnitReportReporter -->
<testsuite hostname="DEL1-SGH447RVKG" name="rough.sample1" tests="1" failures="0" timestamp="18 May 2018 03:39:46 GMT" time="10.408" errors="0">
  <testcase name="sampletest" time="10.408" classname="rough.sample1"/>
</testsuite> <!-- rough.sample1 -->
